\begin{verbatim}
([STORE "x",TRY [PUSH 7,FETCH "x",SUB,STORE "x",FETCH "x",PUSH 7,DIV,STORE "x",PUSH 7,FETCH "x",ADD,STORE "x"] [PUSH 7,FETCH "x",SUB,STORE "x"]],[Integer 7],(fromList [],Normal))
([TRY [PUSH 7,FETCH "x",SUB,STORE "x",FETCH "x",PUSH 7,DIV,STORE "x",PUSH 7,FETCH "x",ADD,STORE "x"] [PUSH 7,FETCH "x",SUB,STORE "x"]],[],(fromList [("x",7)],Normal))
([PUSH 7,FETCH "x",SUB,STORE "x",FETCH "x",PUSH 7,DIV,STORE "x",PUSH 7,FETCH "x",ADD,STORE "x",CATCH [PUSH 7,FETCH "x",SUB,STORE "x"]],[],(fromList [("x",7)],Normal))
([FETCH "x",SUB,STORE "x",FETCH "x",PUSH 7,DIV,STORE "x",PUSH 7,FETCH "x",ADD,STORE "x",CATCH [PUSH 7,FETCH "x",SUB,STORE "x"]],[Integer 7],(fromList [("x",7)],Normal))
([SUB,STORE "x",FETCH "x",PUSH 7,DIV,STORE "x",PUSH 7,FETCH "x",ADD,STORE "x",CATCH [PUSH 7,FETCH "x",SUB,STORE "x"]],[Integer 7,Integer 7],(fromList [("x",7)],Normal))
([STORE "x",FETCH "x",PUSH 7,DIV,STORE "x",PUSH 7,FETCH "x",ADD,STORE "x",CATCH [PUSH 7,FETCH "x",SUB,STORE "x"]],[Integer 0],(fromList [("x",7)],Normal))
([FETCH "x",PUSH 7,DIV,STORE "x",PUSH 7,FETCH "x",ADD,STORE "x",CATCH [PUSH 7,FETCH "x",SUB,STORE "x"]],[],(fromList [("x",0)],Normal))
([PUSH 7,DIV,STORE "x",PUSH 7,FETCH "x",ADD,STORE "x",CATCH [PUSH 7,FETCH "x",SUB,STORE "x"]],[Integer 0],(fromList [("x",0)],Normal))
([DIV,STORE "x",PUSH 7,FETCH "x",ADD,STORE "x",CATCH [PUSH 7,FETCH "x",SUB,STORE "x"]],[Integer 7,Integer 0],(fromList [("x",0)],Normal))
([STORE "x",PUSH 7,FETCH "x",ADD,STORE "x",CATCH [PUSH 7,FETCH "x",SUB,STORE "x"]],[],(fromList [("x",0)],Exception))
([PUSH 7,FETCH "x",ADD,STORE "x",CATCH [PUSH 7,FETCH "x",SUB,STORE "x"]],[],(fromList [("x",0)],Exception))
([FETCH "x",ADD,STORE "x",CATCH [PUSH 7,FETCH "x",SUB,STORE "x"]],[],(fromList [("x",0)],Exception))
([ADD,STORE "x",CATCH [PUSH 7,FETCH "x",SUB,STORE "x"]],[],(fromList [("x",0)],Exception))
([STORE "x",CATCH [PUSH 7,FETCH "x",SUB,STORE "x"]],[],(fromList [("x",0)],Exception))
([CATCH [PUSH 7,FETCH "x",SUB,STORE "x"]],[],(fromList [("x",0)],Exception))
([PUSH 7,FETCH "x",SUB,STORE "x"],[],(fromList [("x",0)],Normal))
([FETCH "x",SUB,STORE "x"],[Integer 7],(fromList [("x",0)],Normal))
([SUB,STORE "x"],[Integer 0,Integer 7],(fromList [("x",0)],Normal))
([STORE "x"],[Integer (-7)],(fromList [("x",0)],Normal))
([],[],(fromList [("x",-7)],Normal))
\end{verbatim}
